_________________________________________________________
Pas de  : 8
_________________________________________________________
level d'initialisation : 16
_________________________________________________________
level d'initialisation : 8
Niveau de rafinement          : 1
Nombre d'itération par etape : 20
Temps ecoule                  : 3.4202
Valeur du cout                : 1.22197e+007

_________________________________________________________
level d'initialisation : 4
Niveau de rafinement          : 5
Nombre d'itération par etape : 9
Temps ecoule                  : 1.92311
Valeur du cout                : 1.56251e+007

_________________________________________________________
level d'initialisation : 2
Niveau de rafinement          : 7
Nombre d'itération par etape : 23
Temps ecoule                  : 3.10018
Valeur du cout                : 1.52134e+007

_________________________________________________________
level d'initialisation : 0
Niveau de rafinement          : 9
Nombre d'itération par etape : 28
Temps ecoule                  : 2.41714
Valeur du cout                : 1.41478e+007

Niveau de rafinement          : 1
Nombre d'itération par etape : 19
Temps ecoule                  : 6.63738
Valeur du cout                : 7.58921e+006

_________________________________________________________
Pas de  : 4
_________________________________________________________
level d'initialisation : 16
_________________________________________________________
level d'initialisation : 8
Niveau de rafinement          : 1
Nombre d'itération par etape : 20
Temps ecoule                  : 5.2443
Valeur du cout                : 1.22197e+007

_________________________________________________________
level d'initialisation : 4
Niveau de rafinement          : 5
Nombre d'itération par etape : 9
Temps ecoule                  : 1.6861
Valeur du cout                : 1.56251e+007

Niveau de rafinement          : 1
Nombre d'itération par etape : 14
Temps ecoule                  : 5.44331
Valeur du cout                : 1.04796e+007

_________________________________________________________
level d'initialisation : 2
Niveau de rafinement          : 7
Nombre d'itération par etape : 23
Temps ecoule                  : 2.96717
Valeur du cout                : 1.52134e+007

Niveau de rafinement          : 3
Nombre d'itération par etape : 30
Temps ecoule                  : 7.37642
Valeur du cout                : 1.00593e+007

_________________________________________________________
level d'initialisation : 0
Niveau de rafinement          : 9
Nombre d'itération par etape : 28
Temps ecoule                  : 1.91511
Valeur du cout                : 1.41478e+007

Niveau de rafinement          : 5
Nombre d'itération par etape : 19
Temps ecoule                  : 4.53826
Valeur du cout                : 9.14873e+006

Niveau de rafinement          : 1
Nombre d'itération par etape : 4
Temps ecoule                  : 6.51337
Valeur du cout                : 7.57413e+006

_________________________________________________________
Pas de  : 2
_________________________________________________________
level d'initialisation : 16
_________________________________________________________
level d'initialisation : 8
Niveau de rafinement          : 1
Nombre d'itération par etape : 20
Temps ecoule                  : 4.97328
Valeur du cout                : 1.22197e+007

_________________________________________________________
level d'initialisation : 4
Niveau de rafinement          : 5
Nombre d'itération par etape : 9
Temps ecoule                  : 1.89211
Valeur du cout                : 1.56251e+007

Niveau de rafinement          : 3
Nombre d'itération par etape : 12
Temps ecoule                  : 4.42425
Valeur du cout                : 1.12004e+007

Niveau de rafinement          : 1
Nombre d'itération par etape : 4
Temps ecoule                  : 6.46337
Valeur du cout                : 1.04806e+007

_________________________________________________________
level d'initialisation : 2
Niveau de rafinement          : 7
Nombre d'itération par etape : 23
Temps ecoule                  : 2.77616
Valeur du cout                : 1.52134e+007

Niveau de rafinement          : 5
Nombre d'itération par etape : 18
Temps ecoule                  : 5.80633
Valeur du cout                : 1.13224e+007

Niveau de rafinement          : 3
Nombre d'itération par etape : 5
Temps ecoule                  : 7.55843
Valeur du cout                : 1.00595e+007

Niveau de rafinement          : 1
Nombre d'itération par etape : 25
Temps ecoule                  : 12.2407
Valeur du cout                : 8.41864e+006

_________________________________________________________
level d'initialisation : 0
Niveau de rafinement          : 9
Nombre d'itération par etape : 28
Temps ecoule                  : 2.57615
Valeur du cout                : 1.41478e+007

Niveau de rafinement          : 7
Nombre d'itération par etape : 19
Temps ecoule                  : 4.90828
Valeur du cout                : 1.0691e+007

Niveau de rafinement          : 5
Nombre d'itération par etape : 15
Temps ecoule                  : 7.09141
Valeur du cout                : 9.1349e+006

Niveau de rafinement          : 3
Nombre d'itération par etape : 6
Temps ecoule                  : 8.7565
Valeur du cout                : 8.09781e+006

Niveau de rafinement          : 1
Nombre d'itération par etape : 4
Temps ecoule                  : 10.5926
Valeur du cout                : 7.57449e+006

_________________________________________________________
Pas de  : 1
_________________________________________________________
level d'initialisation : 16
_________________________________________________________
level d'initialisation : 8
Niveau de rafinement          : 1
Nombre d'itération par etape : 20
Temps ecoule                  : 5.02029
Valeur du cout                : 1.22197e+007

Niveau de rafinement          : 0
Nombre d'itération par etape : 3
Temps ecoule                  : 7.37142
Valeur du cout                : 1.22148e+007

_________________________________________________________
level d'initialisation : 4
Niveau de rafinement          : 5
Nombre d'itération par etape : 9
Temps ecoule                  : 1.87311
Valeur du cout                : 1.56251e+007

Niveau de rafinement          : 4
Nombre d'itération par etape : 12
Temps ecoule                  : 4.38725
Valeur du cout                : 1.18409e+007

Niveau de rafinement          : 3
Nombre d'itération par etape : 6
Temps ecoule                  : 6.07735
Valeur du cout                : 1.12102e+007

Niveau de rafinement          : 2
Nombre d'itération par etape : 7
Temps ecoule                  : 7.77344
Valeur du cout                : 1.07468e+007

Niveau de rafinement          : 1
Nombre d'itération par etape : 3
Temps ecoule                  : 9.18453
Valeur du cout                : 1.04857e+007

Niveau de rafinement          : 0
Nombre d'itération par etape : 3
Temps ecoule                  : 10.9056
Valeur du cout                : 1.04801e+007

_________________________________________________________
level d'initialisation : 2
Niveau de rafinement          : 7
Nombre d'itération par etape : 23
Temps ecoule                  : 3.16318
Valeur du cout                : 1.52134e+007

Niveau de rafinement          : 6
Nombre d'itération par etape : 18
Temps ecoule                  : 5.52332
Valeur du cout                : 1.20818e+007

Niveau de rafinement          : 5
Nombre d'itération par etape : 5
Temps ecoule                  : 6.81839
Valeur du cout                : 1.13227e+007

Niveau de rafinement          : 4
Nombre d'itération par etape : 25
Temps ecoule                  : 9.71056
Valeur du cout                : 9.56189e+006

Niveau de rafinement          : 3
Nombre d'itération par etape : 16
Temps ecoule                  : 12.0777
Valeur du cout                : 8.83561e+006

Niveau de rafinement          : 2
Nombre d'itération par etape : 6
Temps ecoule                  : 13.5308
Valeur du cout                : 8.46981e+006

Niveau de rafinement          : 1
Nombre d'itération par etape : 4
Temps ecoule                  : 15.1799
Valeur du cout                : 8.27049e+006

Niveau de rafinement          : 0
Nombre d'itération par etape : 2
Temps ecoule                  : 16.647
Valeur du cout                : 8.2675e+006

_________________________________________________________
level d'initialisation : 0
Niveau de rafinement          : 9
Nombre d'itération par etape : 28
Temps ecoule                  : 2.87316
Valeur du cout                : 1.41478e+007

Niveau de rafinement          : 8
Nombre d'itération par etape : 20
Temps ecoule                  : 4.75627
Valeur du cout                : 1.16611e+007

Niveau de rafinement          : 7
Nombre d'itération par etape : 9
Temps ecoule                  : 6.09835
Valeur du cout                : 1.06859e+007

Niveau de rafinement          : 6
Nombre d'itération par etape : 16
Temps ecoule                  : 7.85645
Valeur du cout                : 9.7392e+006

Niveau de rafinement          : 5
Nombre d'itération par etape : 15
Temps ecoule                  : 9.96857
Valeur du cout                : 9.13508e+006

Niveau de rafinement          : 4
Nombre d'itération par etape : 5
Temps ecoule                  : 11.3516
Valeur du cout                : 8.60787e+006

Niveau de rafinement          : 3
Nombre d'itération par etape : 6
Temps ecoule                  : 12.9787
Valeur du cout                : 8.09854e+006

Niveau de rafinement          : 2
Nombre d'itération par etape : 5
Temps ecoule                  : 14.7168
Valeur du cout                : 7.75297e+006

Niveau de rafinement          : 1
Nombre d'itération par etape : 5
Temps ecoule                  : 16.63
Valeur du cout                : 7.57437e+006

Niveau de rafinement          : 0
Nombre d'itération par etape : 3
Temps ecoule                  : 18.279
Valeur du cout                : 7.56795e+006

